2025-1-16 11:03:26-log: Cannot access game frame or container.
2025-1-16 11:03:26-debug: asset-db:require-engine-code (546ms)
2025-1-16 11:03:26-log: meshopt wasm decoder initialized
2025-1-16 11:03:26-log: [box2d]:box2d wasm lib loaded.
2025-1-16 11:03:26-log: [bullet]:bullet wasm lib loaded.
2025-1-16 11:03:27-log: Cocos Creator v3.8.2
2025-1-16 11:03:29-debug: [Assets Memory track]: asset-db-plugin-register: engine-extends start:108.01MB, end 205.84MB, increase: 97.83MB
2025-1-16 11:03:29-debug: [Assets Memory track]: asset-db-plugin-enable: project start:108.18MB, end 205.85MB, increase: 97.67MB
2025-1-16 11:03:29-debug: [Assets Memory track]: asset-db:worker-init: initPlugin start:105.68MB, end 205.85MB, increase: 100.17MB
2025-1-16 11:03:27-debug: [Assets Memory track]: asset-db:worker-init: initEngine start:21.11MB, end 105.67MB, increase: 84.56MB
2025-1-16 11:03:27-debug: [Assets Memory track]: asset-db-plugin-register: programming start:106.48MB, end 107.96MB, increase: 1.48MB
2025-1-16 11:03:29-debug: [Assets Memory track]: asset-db-plugin-enable: builder start:108.56MB, end 203.12MB, increase: 94.56MB
2025-1-16 11:03:29-debug: run package(node-library) handler(enable) start
2025-1-16 11:03:29-debug: run package(process) handler(enable) start
2025-1-16 11:03:29-debug: run package(process) handler(enable) success!
2025-1-16 11:03:29-debug: run package(reference-image) handler(enable) start
2025-1-16 11:03:29-debug: run package(reference-image) handler(enable) success!
2025-1-16 11:03:29-debug: run package(reflection-probe) handler(enable) start
2025-1-16 11:03:29-debug: run package(reflection-probe) handler(enable) success!
2025-1-16 11:03:29-debug: run package(engine-extends) handler(enable) start
2025-1-16 11:03:29-debug: run package(engine-extends) handler(enable) success!
2025-1-16 11:03:29-debug: run package(package-asset) handler(enable) start
2025-1-16 11:03:29-debug: run package(adsense-h5g-plugin) handler(enable) success!
2025-1-16 11:03:29-debug: run package(alipay-mini-game) handler(enable) start
2025-1-16 11:03:29-debug: run package(alipay-mini-game) handler(enable) success!
2025-1-16 11:03:29-debug: run package(android) handler(enable) start
2025-1-16 11:03:29-debug: run package(android) handler(enable) success!
2025-1-16 11:03:29-debug: run package(bytedance-mini-game) handler(enable) start
2025-1-16 11:03:29-debug: run package(adsense-h5g-plugin) handler(enable) start
2025-1-16 11:03:29-debug: run package(certificate) handler(enable) start
2025-1-16 11:03:29-debug: run package(certificate) handler(enable) success!
2025-1-16 11:03:29-debug: run package(channel-upload-tools) handler(enable) start
2025-1-16 11:03:29-debug: run package(channel-upload-tools) handler(enable) success!
2025-1-16 11:03:29-debug: run package(bytedance-mini-game) handler(enable) success!
2025-1-16 11:03:29-debug: run package(fb-instant-games) handler(enable) success!
2025-1-16 11:03:29-debug: run package(fb-instant-games) handler(enable) start
2025-1-16 11:03:29-debug: run package(huawei-agc) handler(enable) success!
2025-1-16 11:03:29-debug: run package(node-library) handler(enable) success!
2025-1-16 11:03:29-debug: run package(huawei-quick-game) handler(enable) success!
2025-1-16 11:03:29-debug: run package(ios) handler(enable) start
2025-1-16 11:03:29-debug: run package(ios) handler(enable) success!
2025-1-16 11:03:29-debug: run package(huawei-agc) handler(enable) start
2025-1-16 11:03:29-debug: run package(linux) handler(enable) success!
2025-1-16 11:03:29-debug: run package(mac) handler(enable) start
2025-1-16 11:03:29-debug: run package(mac) handler(enable) success!
2025-1-16 11:03:29-debug: run package(native) handler(enable) start
2025-1-16 11:03:29-debug: run package(native) handler(enable) success!
2025-1-16 11:03:29-debug: run package(ohos) handler(enable) start
2025-1-16 11:03:29-debug: run package(huawei-quick-game) handler(enable) start
2025-1-16 11:03:29-debug: run package(linux) handler(enable) start
2025-1-16 11:03:29-debug: run package(openharmony) handler(enable) start
2025-1-16 11:03:29-debug: run package(oppo-mini-game) handler(enable) start
2025-1-16 11:03:29-debug: run package(oppo-mini-game) handler(enable) success!
2025-1-16 11:03:29-debug: run package(runtime-dev-tools) handler(enable) start
2025-1-16 11:03:29-debug: run package(runtime-dev-tools) handler(enable) success!
2025-1-16 11:03:29-debug: run package(taobao-creative-app) handler(enable) start
2025-1-16 11:03:29-debug: run package(taobao-creative-app) handler(enable) success!
2025-1-16 11:03:29-debug: run package(taobao-mini-game) handler(enable) start
2025-1-16 11:03:29-debug: run package(taobao-mini-game) handler(enable) success!
2025-1-16 11:03:29-debug: run package(vivo-mini-game) handler(enable) start
2025-1-16 11:03:29-debug: run package(vivo-mini-game) handler(enable) success!
2025-1-16 11:03:29-debug: run package(web-desktop) handler(enable) start
2025-1-16 11:03:29-debug: run package(web-desktop) handler(enable) success!
2025-1-16 11:03:29-debug: run package(web-mobile) handler(enable) start
2025-1-16 11:03:29-debug: run package(web-mobile) handler(enable) success!
2025-1-16 11:03:29-debug: run package(wechatgame) handler(enable) start
2025-1-16 11:03:29-debug: run package(package-asset) handler(enable) success!
2025-1-16 11:03:29-debug: run package(wechatprogram) handler(enable) start
2025-1-16 11:03:29-debug: run package(wechatprogram) handler(enable) success!
2025-1-16 11:03:29-debug: run package(windows) handler(enable) start
2025-1-16 11:03:29-debug: run package(windows) handler(enable) success!
2025-1-16 11:03:29-debug: run package(xiaomi-quick-game) handler(enable) start
2025-1-16 11:03:29-debug: run package(xiaomi-quick-game) handler(enable) success!
2025-1-16 11:03:29-debug: run package(cocos-service) handler(enable) start
2025-1-16 11:03:29-debug: run package(cocos-service) handler(enable) success!
2025-1-16 11:03:29-debug: run package(im-plugin) handler(enable) start
2025-1-16 11:03:29-debug: run package(im-plugin) handler(enable) success!
2025-1-16 11:03:29-debug: run package(fix-device) handler(enable) start
2025-1-16 11:03:29-debug: run package(fix-device) handler(enable) success!
2025-1-16 11:03:29-debug: run package(i18n) handler(enable) start
2025-1-16 11:03:29-debug: run package(i18n) handler(enable) success!
2025-1-16 11:03:29-debug: run package(placeholder) handler(enable) start
2025-1-16 11:03:29-debug: run package(placeholder) handler(enable) success!
2025-1-16 11:03:29-debug: run package(ohos) handler(enable) success!
2025-1-16 11:03:29-debug: run package(openharmony) handler(enable) success!
2025-1-16 11:03:29-debug: run package(wechatgame) handler(enable) success!
2025-1-16 11:03:29-debug: asset-db:worker-init: initPlugin (2262ms)
2025-1-16 11:03:29-debug: [Assets Memory track]: asset-db:worker-init start:21.11MB, end 203.20MB, increase: 182.09MB
2025-1-16 11:03:29-debug: Run asset db hook programming:beforePreStart ...
2025-1-16 11:03:29-debug: Run asset db hook programming:beforePreStart success!
2025-1-16 11:03:29-debug: Run asset db hook engine-extends:beforePreStart ...
2025-1-16 11:03:29-debug: Run asset db hook engine-extends:beforePreStart success!
2025-1-16 11:03:29-debug: asset-db:worker-init (3632ms)
2025-1-16 11:03:29-debug: asset-db-hook-programming-beforePreStart (228ms)
2025-1-16 11:03:29-debug: asset-db-hook-engine-extends-beforePreStart (227ms)
2025-1-16 11:03:29-debug: Preimport db internal success
2025-1-16 11:03:29-debug: Preimport db assets success
2025-1-16 11:03:29-debug: Preimport db i18n success
2025-1-16 11:03:29-debug: Run asset db hook programming:afterPreStart ...
2025-1-16 11:03:29-debug: starting packer-driver...
2025-1-16 11:03:30-debug: initialize scripting environment...
2025-1-16 11:03:30-debug: Set detail map pack:///resolution-detail-map.json: {}
2025-1-16 11:03:30-debug: [Assets Memory track]: asset-db:worker-init: preStart start:203.21MB, end 220.01MB, increase: 16.81MB
2025-1-16 11:03:30-debug: Start up the 'internal' database...
2025-1-16 11:03:30-debug: Run asset db hook engine-extends:afterPreStart success!
2025-1-16 11:03:30-debug: Run asset db hook programming:afterPreStart success!
2025-1-16 11:03:30-debug: Run asset db hook engine-extends:afterPreStart ...
2025-1-16 11:03:30-debug: asset-db-hook-programming-afterPreStart (379ms)
2025-1-16 11:03:30-debug: asset-db:worker-effect-data-processing (15ms)
2025-1-16 11:03:30-debug: asset-db-hook-engine-extends-afterPreStart (15ms)
2025-1-16 11:03:30-debug: [Assets Memory track]: asset-db:worker-startup-database[internal] start:214.77MB, end 217.94MB, increase: 3.17MB
2025-1-16 11:03:30-debug: Start up the 'assets' database...
2025-1-16 11:03:30-debug: asset-db:worker-startup-database[internal] (507ms)
2025-1-16 11:03:30-debug: [Assets Memory track]: asset-db:worker-startup-database[assets] start:217.58MB, end 220.61MB, increase: 3.04MB
2025-1-16 11:03:30-debug: Start up the 'i18n' database...
2025-1-16 11:03:30-debug: asset-db:worker-startup-database[assets] (491ms)
2025-1-16 11:03:30-debug: [Assets Memory track]: asset-db:worker-startup-database[i18n] start:215.69MB, end 220.64MB, increase: 4.95MB
2025-1-16 11:03:30-debug: asset-db:worker-startup-database[i18n] (479ms)
2025-1-16 11:03:30-debug: asset-db:start-database (736ms)
2025-1-16 11:03:30-debug: asset-db:ready (5579ms)
2025-1-16 11:03:30-debug: init worker message success
2025-1-16 11:03:30-debug: [Build Memory track]: builder:worker-init start:220.84MB, end 231.30MB, increase: 10.46MB
2025-1-16 11:03:30-debug: programming:execute-script (3ms)
2025-1-16 11:03:30-debug: builder:worker-init (286ms)
2025-1-16 11:03:31-debug: programming:execute-script (13ms)
2025-1-16 11:03:42-debug: start refresh asset from /Users/swl/Desktop/cocos/cocos_tbjdwc/assets/Scenes/scene.scene...
2025-1-16 11:03:42-debug: %cImport%c: /Users/swl/Desktop/cocos/cocos_tbjdwc/assets/Scenes/scene.scenebackground: #aaff85; color: #000;color: #000;
2025-1-16 11:03:42-debug: refresh asset /Users/swl/Desktop/cocos/cocos_tbjdwc/assets/Scenes success
2025-1-16 11:03:44-debug: Query all assets info in project
2025-1-16 11:03:44-debug: init custom config: keepNodeUuid: false, useCache: true
2025-1-16 11:03:44-debug:   Number of all scripts: 61
2025-1-16 11:03:44-debug:   Number of all scenes: 2
2025-1-16 11:03:44-debug:   Number of other assets: 909
2025-1-16 11:03:44-debug: 查询 Asset Bundle start, progress: 0%
2025-1-16 11:03:44-debug: // ---- build task 查询 Asset Bundle ----
2025-1-16 11:03:44-debug: Query preload assets from cc.config.json: 60f7195c-ec2a-45eb-ba94-8955f60e81d0,1c02ae6f-4492-4915-b8f8-7492a3b1e4cd,810e96e4-e456-4468-9b59-f4e8f39732c0,efe8e2a3-eace-427b-b4f1-cb8a937ec77d,e9aa9a3e-5b2b-4ac7-a2c7-073de2b2b24f,8bbdbcdd-5cd4-4100-b6d5-b7c9625b6107,50f4348b-c883-4e2f-8f11-ce233b859fa1,fda095cb-831d-4601-ad94-846013963de8,f92806d7-1768-443f-afe8-12bcde84d0f0,dd3a144d-ab7f-41f0-82b8-2e43a090d496,f0416e68-0200-4b77-a926-4f9d16e494da,511d2633-09a7-4bdd-ac42-f778032124b3,5d45aa00-e064-4938-b314-4265f0c2258c,9361fd90-ba52-4f84-aa93-6e878fd576ca,970b0598-bcb0-4714-91fb-2e81440dccd8,bcd64cc6-2dd9-43f6-abbe-66318d332032,d930590d-bb92-4cc8-8bd1-23cd027f9edf,a3cd009f-0ab0-420d-9278-b9fdab939bbc,ba21476f-2866-4f81-9c4d-6e359316e448,871c3b6c-7379-419d-bda3-794b239ab90d,c27215d8-6835-4b68-bfbb-bdeac6100c04,b5d6115f-0370-4d7c-aad3-c194cc71cf98
2025-1-16 11:03:44-debug: // ---- build task 查询 Asset Bundle ---- (8ms)
2025-1-16 11:03:44-debug: [Build Memory track]: 查询 Asset Bundle start:204.00MB, end 207.49MB, increase: 3.49MB
2025-1-16 11:03:44-debug: 查询 Asset Bundle start, progress: 5%
2025-1-16 11:03:44-debug: // ---- build task 查询 Asset Bundle ----
2025-1-16 11:03:44-debug: run build task 查询 Asset Bundle success in 8 ms√, progress: 5%
2025-1-16 11:03:44-debug: run build task 查询 Asset Bundle success in √, progress: 10%
2025-1-16 11:03:44-debug: 整理部分构建选项内数据到 settings.json start, progress: 10%
2025-1-16 11:03:44-debug: // ---- build task 整理部分构建选项内数据到 settings.json ----
2025-1-16 11:03:44-debug: [Build Memory track]: 查询 Asset Bundle start:207.50MB, end 207.51MB, increase: 10.81KB
2025-1-16 11:03:44-debug: run build task 整理部分构建选项内数据到 settings.json success in √, progress: 12%
2025-1-16 11:03:44-debug: 填充脚本数据到 settings.json start, progress: 12%
2025-1-16 11:03:44-debug: // ---- build task 填充脚本数据到 settings.json ----
2025-1-16 11:03:44-debug: [Build Memory track]: 整理部分构建选项内数据到 settings.json start:207.52MB, end 207.53MB, increase: 13.83KB
2025-1-16 11:03:44-debug: run build task 填充脚本数据到 settings.json success in √, progress: 13%
2025-1-16 11:03:44-debug: [Build Memory track]: 填充脚本数据到 settings.json start:207.54MB, end 207.55MB, increase: 10.70KB
2025-1-16 11:03:44-debug: 整理部分构建选项内数据到 settings.json start, progress: 13%
2025-1-16 11:03:44-debug: // ---- build task 整理部分构建选项内数据到 settings.json ----
2025-1-16 11:03:44-debug: // ---- build task 整理部分构建选项内数据到 settings.json ---- (4ms)
2025-1-16 11:03:44-debug: run build task 整理部分构建选项内数据到 settings.json success in 4 ms√, progress: 15%
2025-1-16 11:03:44-debug: [Build Memory track]: 整理部分构建选项内数据到 settings.json start:207.56MB, end 207.92MB, increase: 368.77KB
2025-1-16 11:03:47-debug: refresh db internal success
2025-1-16 11:03:47-debug: refresh db assets success
2025-1-16 11:03:47-debug: refresh db i18n success
2025-1-16 11:03:47-debug: Run asset db hook engine-extends:afterRefresh ...
2025-1-16 11:03:47-debug: Run asset db hook engine-extends:afterRefresh success!
2025-1-16 11:03:47-debug: asset-db:refresh-all-database (78ms)
2025-1-16 11:03:47-debug: asset-db:worker-effect-data-processing (1ms)
2025-1-16 11:03:47-debug: asset-db-hook-engine-extends-afterRefresh (1ms)
2025-1-16 11:03:53-debug: Query all assets info in project
2025-1-16 11:03:53-debug: init custom config: keepNodeUuid: false, useCache: true
2025-1-16 11:03:53-debug:   Number of all scenes: 2
2025-1-16 11:03:53-debug:   Number of other assets: 909
2025-1-16 11:03:53-debug:   Number of all scripts: 61
2025-1-16 11:03:53-debug: 查询 Asset Bundle start, progress: 0%
2025-1-16 11:03:53-debug: // ---- build task 查询 Asset Bundle ----
2025-1-16 11:03:53-debug: Query preload assets from cc.config.json: 60f7195c-ec2a-45eb-ba94-8955f60e81d0,1c02ae6f-4492-4915-b8f8-7492a3b1e4cd,810e96e4-e456-4468-9b59-f4e8f39732c0,efe8e2a3-eace-427b-b4f1-cb8a937ec77d,e9aa9a3e-5b2b-4ac7-a2c7-073de2b2b24f,8bbdbcdd-5cd4-4100-b6d5-b7c9625b6107,50f4348b-c883-4e2f-8f11-ce233b859fa1,fda095cb-831d-4601-ad94-846013963de8,f92806d7-1768-443f-afe8-12bcde84d0f0,dd3a144d-ab7f-41f0-82b8-2e43a090d496,f0416e68-0200-4b77-a926-4f9d16e494da,511d2633-09a7-4bdd-ac42-f778032124b3,5d45aa00-e064-4938-b314-4265f0c2258c,9361fd90-ba52-4f84-aa93-6e878fd576ca,970b0598-bcb0-4714-91fb-2e81440dccd8,bcd64cc6-2dd9-43f6-abbe-66318d332032,d930590d-bb92-4cc8-8bd1-23cd027f9edf,a3cd009f-0ab0-420d-9278-b9fdab939bbc,ba21476f-2866-4f81-9c4d-6e359316e448,871c3b6c-7379-419d-bda3-794b239ab90d,c27215d8-6835-4b68-bfbb-bdeac6100c04,b5d6115f-0370-4d7c-aad3-c194cc71cf98
2025-1-16 11:03:53-debug: // ---- build task 查询 Asset Bundle ---- (7ms)
2025-1-16 11:03:53-debug: 查询 Asset Bundle start, progress: 5%
2025-1-16 11:03:53-debug: run build task 查询 Asset Bundle success in 7 ms√, progress: 5%
2025-1-16 11:03:53-debug: // ---- build task 查询 Asset Bundle ----
2025-1-16 11:03:53-debug: [Build Memory track]: 查询 Asset Bundle start:208.75MB, end 206.11MB, increase: -2702.41KB
2025-1-16 11:03:53-debug: // ---- build task 查询 Asset Bundle ---- (1ms)
2025-1-16 11:03:53-debug: run build task 查询 Asset Bundle success in 1 ms√, progress: 10%
2025-1-16 11:03:53-debug: [Build Memory track]: 查询 Asset Bundle start:206.12MB, end 206.13MB, increase: 11.95KB
2025-1-16 11:03:53-debug: 整理部分构建选项内数据到 settings.json start, progress: 10%
2025-1-16 11:03:53-debug: // ---- build task 整理部分构建选项内数据到 settings.json ----
2025-1-16 11:03:53-debug: run build task 整理部分构建选项内数据到 settings.json success in √, progress: 12%
2025-1-16 11:03:53-debug: 填充脚本数据到 settings.json start, progress: 12%
2025-1-16 11:03:53-debug: [Build Memory track]: 整理部分构建选项内数据到 settings.json start:206.14MB, end 206.15MB, increase: 14.89KB
2025-1-16 11:03:53-debug: // ---- build task 填充脚本数据到 settings.json ----
2025-1-16 11:03:53-debug: run build task 填充脚本数据到 settings.json success in √, progress: 13%
2025-1-16 11:03:53-debug: [Build Memory track]: 填充脚本数据到 settings.json start:206.16MB, end 206.17MB, increase: 10.13KB
2025-1-16 11:03:53-debug: 整理部分构建选项内数据到 settings.json start, progress: 13%
2025-1-16 11:03:53-debug: // ---- build task 整理部分构建选项内数据到 settings.json ----
2025-1-16 11:03:53-debug: // ---- build task 整理部分构建选项内数据到 settings.json ---- (8ms)
2025-1-16 11:03:53-debug: run build task 整理部分构建选项内数据到 settings.json success in 8 ms√, progress: 15%
2025-1-16 11:03:53-debug: [Build Memory track]: 整理部分构建选项内数据到 settings.json start:206.18MB, end 206.54MB, increase: 368.61KB
2025-1-16 11:05:19-debug: refresh db internal success
2025-1-16 11:05:19-debug: refresh db assets success
2025-1-16 11:05:19-debug: refresh db i18n success
2025-1-16 11:05:19-debug: Run asset db hook engine-extends:afterRefresh ...
2025-1-16 11:05:19-debug: Run asset db hook engine-extends:afterRefresh success!
2025-1-16 11:05:19-debug: asset-db:refresh-all-database (88ms)
2025-1-16 11:05:19-debug: asset-db:worker-effect-data-processing (1ms)
2025-1-16 11:05:19-debug: asset-db-hook-engine-extends-afterRefresh (1ms)
2025-1-16 11:08:27-debug: refresh db internal success
2025-1-16 11:08:27-debug: refresh db assets success
2025-1-16 11:08:27-debug: refresh db i18n success
2025-1-16 11:08:27-debug: Run asset db hook engine-extends:afterRefresh ...
2025-1-16 11:08:27-debug: Run asset db hook engine-extends:afterRefresh success!
2025-1-16 11:08:27-debug: asset-db:refresh-all-database (49ms)
2025-1-16 11:08:27-debug: asset-db:worker-effect-data-processing (1ms)
2025-1-16 11:08:27-debug: asset-db-hook-engine-extends-afterRefresh (1ms)
2025-1-16 11:08:45-debug: refresh db internal success
2025-1-16 11:08:45-debug: refresh db assets success
2025-1-16 11:08:45-debug: refresh db i18n success
2025-1-16 11:08:45-debug: Run asset db hook engine-extends:afterRefresh ...
2025-1-16 11:08:45-debug: Run asset db hook engine-extends:afterRefresh success!
2025-1-16 11:08:45-debug: asset-db:refresh-all-database (68ms)
2025-1-16 11:08:45-debug: asset-db:worker-effect-data-processing (1ms)
2025-1-16 11:08:45-debug: asset-db-hook-engine-extends-afterRefresh (1ms)
2025-1-16 11:09:18-debug: refresh db internal success
2025-1-16 11:09:18-debug: refresh db assets success
2025-1-16 11:09:18-debug: refresh db i18n success
2025-1-16 11:09:18-debug: Run asset db hook engine-extends:afterRefresh ...
2025-1-16 11:09:18-debug: Run asset db hook engine-extends:afterRefresh success!
2025-1-16 11:09:18-debug: asset-db:refresh-all-database (42ms)
2025-1-16 11:09:18-debug: asset-db:worker-effect-data-processing (1ms)
2025-1-16 11:09:18-debug: asset-db-hook-engine-extends-afterRefresh (1ms)
2025-1-16 11:12:19-debug: refresh db internal success
2025-1-16 11:12:19-debug: refresh db assets success
2025-1-16 11:12:19-debug: refresh db i18n success
2025-1-16 11:12:19-debug: Run asset db hook engine-extends:afterRefresh ...
2025-1-16 11:12:19-debug: Run asset db hook engine-extends:afterRefresh success!
2025-1-16 11:12:19-debug: asset-db:refresh-all-database (43ms)
2025-1-16 11:12:23-debug: start refresh asset from /Users/swl/Desktop/cocos/cocos_tbjdwc/assets/Prefab/coinnew.prefab...
2025-1-16 11:12:23-debug: %cImport%c: /Users/swl/Desktop/cocos/cocos_tbjdwc/assets/Prefab/coinnew.prefabbackground: #aaff85; color: #000;color: #000;
2025-1-16 11:12:23-debug: refresh asset /Users/swl/Desktop/cocos/cocos_tbjdwc/assets/Prefab success
2025-1-16 11:12:36-debug: refresh db internal success
2025-1-16 11:12:36-debug: refresh db assets success
2025-1-16 11:12:36-debug: refresh db i18n success
2025-1-16 11:12:36-debug: Run asset db hook engine-extends:afterRefresh ...
2025-1-16 11:12:36-debug: Run asset db hook engine-extends:afterRefresh success!
2025-1-16 11:12:36-debug: asset-db:refresh-all-database (69ms)
2025-1-16 11:12:36-debug: asset-db-hook-engine-extends-afterRefresh (1ms)
2025-1-16 11:13:41-debug: refresh db internal success
2025-1-16 11:13:41-debug: refresh db assets success
2025-1-16 11:13:41-debug: refresh db i18n success
2025-1-16 11:13:41-debug: Run asset db hook engine-extends:afterRefresh success!
2025-1-16 11:13:41-debug: Run asset db hook engine-extends:afterRefresh ...
2025-1-16 11:13:41-debug: asset-db:refresh-all-database (46ms)
2025-1-16 11:15:12-debug: refresh db internal success
2025-1-16 11:15:12-debug: refresh db assets success
2025-1-16 11:15:12-debug: refresh db i18n success
2025-1-16 11:15:12-debug: Run asset db hook engine-extends:afterRefresh ...
2025-1-16 11:15:12-debug: Run asset db hook engine-extends:afterRefresh success!
2025-1-16 11:15:12-debug: asset-db:refresh-all-database (50ms)
2025-1-16 11:15:12-debug: asset-db:worker-effect-data-processing (1ms)
2025-1-16 11:15:12-debug: asset-db-hook-engine-extends-afterRefresh (1ms)
2025-1-16 11:19:51-debug: refresh db internal success
2025-1-16 11:19:51-debug: refresh db assets success
2025-1-16 11:19:51-debug: refresh db i18n success
2025-1-16 11:19:51-debug: Run asset db hook engine-extends:afterRefresh ...
2025-1-16 11:19:51-debug: Run asset db hook engine-extends:afterRefresh success!
2025-1-16 11:19:51-debug: asset-db:refresh-all-database (68ms)
